<?xml version="1.0" encoding="UTF-8"?>
<!-- Generated by org.testng.reporters.JUnitReportReporter -->
<testsuite hostname="HP-LAPTOP" failures="0" tests="24" name="com.ul.qa.testcases.ValidateBookDetails" time="62.749" errors="0" timestamp="2021-04-19T11:24:41 IST" skipped="0">
  <testcase classname="com.ul.qa.testcases.ValidateBookDetails" name="homePageTitleTest" time="8.036"/>
  <system-out/>
  <testcase classname="com.ul.qa.testcases.ValidateBookDetails" name="closePopUpTest" time="4.216"/>
  <system-out/>
  <testcase classname="com.ul.qa.testcases.ValidateBookDetails" name="searchBoxTest" time="2.294"/>
  <system-out/>
  <testcase classname="com.ul.qa.testcases.ValidateBookDetails" name="searchButtonTest" time="4.812"/>
  <system-out/>
  <testcase classname="com.ul.qa.testcases.ValidateBookDetails" name="categoryTest" time="4.467"/>
  <system-out/>
  <testcase classname="com.ul.qa.testcases.ValidateBookDetails" name="amountTest" time="2.850"/>
  <system-out/>
  <testcase classname="com.ul.qa.testcases.ValidateBookDetails" name="storageTypeTest" time="4.248"/>
  <system-out/>
  <testcase classname="com.ul.qa.testcases.ValidateBookDetails" name="outOfStockTest" time="2.169"/>
  <system-out/>
  <testcase classname="com.ul.qa.testcases.ValidateBookDetails" name="screenShotTest1" time="1.106"/>
  <system-out/>
  <testcase classname="com.ul.qa.testcases.ValidateBookDetails" name="bookDetailsTest" time="2.565"/>
  <system-out>

The price of the first three bookshelves below Rs.15000: Hayden Display Shelf: Rs.5999 Austen Bookshelf/Display Unit: Rs.10399 Tetris Side Bookshelf/Display Unit: Rs.6799  </system-out>
  <testcase classname="com.ul.qa.testcases.ValidateBookDetails" name="CollectionButtonTest" time="0.163"/>
  <system-out/>
  <testcase classname="com.ul.qa.testcases.ValidateBookDetails" name="subMenuTest" time="5.234"/>
  <system-out>

The submenu list from 'Being at home' column: Study Chairs Study Tables Study Lamps Study Sets Sofa Beds Accent Chairs Loveseats Floor Lamps Day Beds Outdoor Tables Balcony Swings Balcony Chairs Ottomans  </system-out>
  <testcase classname="com.ul.qa.testcases.ValidateBookDetails" name="studyChairsTest" time="4.070"/>
  <system-out/>
  <testcase classname="com.ul.qa.testcases.ValidateBookDetails" name="studyChairsDisplayTest" time="1.602"/>
  <system-out>

The price of the first three study chair Dewey High Back Study Chair: Rs.16999 Dorsey Study Chair: Rs.4399 Hawley Study Chair: Rs.6999  </system-out>
  <testcase classname="com.ul.qa.testcases.ValidateBookDetails" name="screenShotTest2" time="0.643"/>
  <system-out/>
  <testcase classname="com.ul.qa.testcases.ValidateBookDetails" name="GiftCardButtonTest" time="11.559"/>
  <system-out/>
  <testcase classname="com.ul.qa.testcases.ValidateBookDetails" name="selectCardTest" time="0.189"/>
  <system-out/>
  <testcase classname="com.ul.qa.testcases.ValidateBookDetails" name="AmountTextBoxTest" time="0.270"/>
  <system-out/>
  <testcase classname="com.ul.qa.testcases.ValidateBookDetails" name="RecipientNameTest" time="0.234"/>
  <system-out/>
  <testcase classname="com.ul.qa.testcases.ValidateBookDetails" name="RecipientEmailTest" time="0.289"/>
  <system-out/>
  <testcase classname="com.ul.qa.testcases.ValidateBookDetails" name="senderNameTest" time="0.280"/>
  <system-out/>
  <testcase classname="com.ul.qa.testcases.ValidateBookDetails" name="senderNoTest" time="0.221"/>
  <system-out/>
  <testcase classname="com.ul.qa.testcases.ValidateBookDetails" name="errorMessageTest" time="0.469"/>
  <system-out>

The error message appeared for invalid e-mail: Please include an '@' in the email address. 'bandhavi.com' is missing an '@'.
  </system-out>
  <testcase classname="com.ul.qa.testcases.ValidateBookDetails" name="screenShotTest" time="0.763"/>
  <system-out/>
</testsuite> <!-- com.ul.qa.testcases.ValidateBookDetails -->
