<?xml version="1.0" encoding="UTF-8"?>
<!-- Generated by org.testng.reporters.JUnitReportReporter -->
<testsuite hostname="LAPTOP-7NUDA82T" failures="0" tests="5" name="com.ul.qa.testcases.ValidateChairDetails" time="44.024" errors="0" timestamp="2021-03-13T19:32:24 IST" skipped="0">
  <testcase classname="com.ul.qa.testcases.ValidateChairDetails" name="homePageTitleTest" time="9.767"/>
  <testcase classname="com.ul.qa.testcases.ValidateChairDetails" name="closePopUpTest" time="4.080"/>
  <testcase classname="com.ul.qa.testcases.ValidateChairDetails" name="searchBoxTest" time="2.254"/>
  <testcase classname="com.ul.qa.testcases.ValidateChairDetails" name="searchButtonTest" time="3.916"/>
  <testcase classname="com.ul.qa.testcases.ValidateChairDetails" name="chairDetailsTest" time="24.007"/>
</testsuite> <!-- com.ul.qa.testcases.ValidateChairDetails -->
